2026-03-29 22:14:02  INFO ThreadId(11) stream_gears::server: crates/stream-gears/src/server.rs:449: Tracing initialized with daily rotation
2026-03-29 22:16:17  INFO ThreadId(11) stream_gears::server: crates/stream-gears/src/server.rs:449: Tracing initialized with daily rotation
2026-03-29 22:16:29  INFO ThreadId(11) biliup_cli::uploader: crates/biliup-cli/src/uploader.rs:99: 登录成功，数据保存在File { fd: 19, path: "/Users/cheniewiew/works/money-news-2/cookies.json", read: false, write: true }
2026-03-29 22:16:40  INFO ThreadId(11) stream_gears::server: crates/stream-gears/src/server.rs:449: Tracing initialized with daily rotation
2026-03-29 22:16:41  INFO ThreadId(11) biliup_cli::uploader: crates/biliup-cli/src/uploader.rs:304: user: 股股尕尕
2026-03-29 22:21:50  INFO ThreadId(11) stream_gears::server: crates/stream-gears/src/server.rs:449: Tracing initialized with daily rotation
2026-03-29 22:21:52  INFO ThreadId(11) biliup_cli::uploader: crates/biliup-cli/src/uploader.rs:304: user: 股股尕尕
2026-03-29 22:21:52  INFO ThreadId(11) biliup_cli::uploader: crates/biliup-cli/src/uploader.rs:327: https://archive.biliimg.com/bfs/archive/5c74bcbb42c0312bc01fc7103e501275cb79ae73.png
2026-03-29 22:21:52  INFO ThreadId(11) biliup_cli::uploader: crates/biliup-cli/src/uploader.rs:339: number of concurrent futures: 3
2026-03-29 22:21:52  INFO ThreadId(11) biliup_cli::uploader: crates/biliup-cli/src/uploader.rs:363: No checkpoint found, starting fresh upload
2026-03-29 22:21:54  INFO ThreadId(11) biliup::uploader::line: crates/biliup/src/uploader/line.rs:99: probe_version=20250923&upcdn=akbd&zone=cs: 1743
2026-03-29 22:21:55  INFO ThreadId(11) biliup::uploader::line: crates/biliup/src/uploader/line.rs:99: probe_version=20250923&upcdn=tx&zone=cs: 1212
2026-03-29 22:21:57  INFO ThreadId(11) biliup::uploader::line: crates/biliup/src/uploader/line.rs:99: probe_version=20250923&upcdn=bda2&zone=cs: 1808
2026-03-29 22:21:59  INFO ThreadId(11) biliup::uploader::line: crates/biliup/src/uploader/line.rs:99: probe_version=20250923&upcdn=estx&zone=cs: 1695
2026-03-29 22:22:00  INFO ThreadId(11) biliup::uploader::line: crates/biliup/src/uploader/line.rs:99: probe_version=20250923&upcdn=bldsa&zone=cs: 1920
2026-03-29 22:22:00  INFO ThreadId(11) biliup_cli::uploader: crates/biliup-cli/src/uploader.rs:402: Line { os: Upos, probe_url: "//upos-cs-upcdntx.bilivideo.com/OK", query: "probe_version=20250923&upcdn=tx&zone=cs", cost: 1212 }
2026-03-29 22:22:00  INFO ThreadId(11) biliup::uploader::line: crates/biliup/src/uploader/line.rs:149: pre_upload: {"build":2140000,"name":"20260329隔夜全球市场资讯,A股开盘参考.mp4","profile":"ugcupos/bup","r":"upos","size":3315932,"ssl":0,"version":"2.14.0"}
2026-03-29 22:22:01  INFO ThreadId(11) biliup_cli::uploader: crates/biliup-cli/src/uploader.rs:506: Upload completed: 20260329隔夜全球市场资讯,A股开盘参考.mp4 => cost 0.66s, 5.06 MB/s.
2026-03-29 22:22:01  INFO ThreadId(11) biliup_cli::uploader: crates/biliup-cli/src/uploader.rs:517: Checkpoint saved: 1 files uploaded
2026-03-29 22:22:01  INFO ThreadId(11) biliup_cli::uploader: crates/biliup-cli/src/uploader.rs:529: All files uploaded successfully, checkpoint removed
2026-03-29 22:22:01  INFO ThreadId(11) biliup::uploader::bilibili: crates/biliup/src/uploader/bilibili.rs:365: ResponseData { code: 21005, data: None, message: "Tag不能为空，总数量不能超过12个， 并且单个不能超过20个字", ttl: Some(1) }
2026-03-29 22:23:17  INFO ThreadId(11) stream_gears::server: crates/stream-gears/src/server.rs:449: Tracing initialized with daily rotation
2026-03-29 22:23:17  INFO ThreadId(11) biliup_cli::uploader: crates/biliup-cli/src/uploader.rs:304: user: 股股尕尕
2026-03-29 22:23:17  INFO ThreadId(11) biliup_cli::uploader: crates/biliup-cli/src/uploader.rs:327: https://archive.biliimg.com/bfs/archive/5c74bcbb42c0312bc01fc7103e501275cb79ae73.png
2026-03-29 22:23:17  INFO ThreadId(11) biliup_cli::uploader: crates/biliup-cli/src/uploader.rs:339: number of concurrent futures: 3
2026-03-29 22:23:17  INFO ThreadId(11) biliup_cli::uploader: crates/biliup-cli/src/uploader.rs:363: No checkpoint found, starting fresh upload
2026-03-29 22:23:19  INFO ThreadId(11) biliup::uploader::line: crates/biliup/src/uploader/line.rs:99: probe_version=20250923&upcdn=akbd&zone=cs: 1516
2026-03-29 22:23:20  INFO ThreadId(11) biliup::uploader::line: crates/biliup/src/uploader/line.rs:99: probe_version=20250923&upcdn=estx&zone=cs: 1294
2026-03-29 22:23:22  INFO ThreadId(11) biliup::uploader::line: crates/biliup/src/uploader/line.rs:99: probe_version=20250923&upcdn=bldsa&zone=cs: 1577
2026-03-29 22:23:23  INFO ThreadId(11) biliup::uploader::line: crates/biliup/src/uploader/line.rs:99: probe_version=20250923&upcdn=tx&zone=cs: 1223
2026-03-29 22:23:24  INFO ThreadId(11) biliup::uploader::line: crates/biliup/src/uploader/line.rs:99: probe_version=20250923&upcdn=bda2&zone=cs: 1309
2026-03-29 22:23:24  INFO ThreadId(11) biliup_cli::uploader: crates/biliup-cli/src/uploader.rs:402: Line { os: Upos, probe_url: "//upos-cs-upcdntx.bilivideo.com/OK", query: "probe_version=20250923&upcdn=tx&zone=cs", cost: 1223 }
2026-03-29 22:23:24  INFO ThreadId(11) biliup::uploader::line: crates/biliup/src/uploader/line.rs:149: pre_upload: {"build":2140000,"name":"20260329隔夜全球市场资讯,A股开盘参考.mp4","profile":"ugcupos/bup","r":"upos","size":3315932,"ssl":0,"version":"2.14.0"}
2026-03-29 22:23:25  INFO ThreadId(11) biliup_cli::uploader: crates/biliup-cli/src/uploader.rs:506: Upload completed: 20260329隔夜全球市场资讯,A股开盘参考.mp4 => cost 0.60s, 5.51 MB/s.
2026-03-29 22:23:25  INFO ThreadId(11) biliup_cli::uploader: crates/biliup-cli/src/uploader.rs:517: Checkpoint saved: 1 files uploaded
2026-03-29 22:23:25  INFO ThreadId(11) biliup_cli::uploader: crates/biliup-cli/src/uploader.rs:529: All files uploaded successfully, checkpoint removed
2026-03-29 22:23:25  INFO ThreadId(11) biliup::uploader::bilibili: crates/biliup/src/uploader/bilibili.rs:365: ResponseData { code: 21005, data: None, message: "Tag不能为空，总数量不能超过12个， 并且单个不能超过20个字", ttl: Some(1) }
2026-03-29 22:25:43  INFO ThreadId(11) stream_gears::server: crates/stream-gears/src/server.rs:449: Tracing initialized with daily rotation
2026-03-29 22:25:45  INFO ThreadId(11) biliup_cli::uploader: crates/biliup-cli/src/uploader.rs:304: user: 股股尕尕
2026-03-29 22:25:47  INFO ThreadId(11) biliup_cli::uploader: crates/biliup-cli/src/uploader.rs:327: https://archive.biliimg.com/bfs/archive/5c74bcbb42c0312bc01fc7103e501275cb79ae73.png
2026-03-29 22:25:47  INFO ThreadId(11) biliup_cli::uploader: crates/biliup-cli/src/uploader.rs:339: number of concurrent futures: 3
2026-03-29 22:25:47  INFO ThreadId(11) biliup_cli::uploader: crates/biliup-cli/src/uploader.rs:363: No checkpoint found, starting fresh upload
2026-03-29 22:25:51  INFO ThreadId(11) biliup::uploader::line: crates/biliup/src/uploader/line.rs:99: probe_version=20250923&upcdn=bda2&zone=cs: 2258
2026-03-29 22:25:53  INFO ThreadId(11) biliup::uploader::line: crates/biliup/src/uploader/line.rs:99: probe_version=20250923&upcdn=estx&zone=cs: 1349
2026-03-29 22:25:54  INFO ThreadId(11) biliup::uploader::line: crates/biliup/src/uploader/line.rs:99: probe_version=20250923&upcdn=bldsa&zone=cs: 1487
2026-03-29 22:25:55  INFO ThreadId(11) biliup::uploader::line: crates/biliup/src/uploader/line.rs:99: probe_version=20250923&upcdn=akbd&zone=cs: 1478
2026-03-29 22:25:57  INFO ThreadId(11) biliup::uploader::line: crates/biliup/src/uploader/line.rs:99: probe_version=20250923&upcdn=tx&zone=cs: 1217
2026-03-29 22:25:57  INFO ThreadId(11) biliup_cli::uploader: crates/biliup-cli/src/uploader.rs:402: Line { os: Upos, probe_url: "//upos-cs-upcdntx.bilivideo.com/OK", query: "probe_version=20250923&upcdn=tx&zone=cs", cost: 1217 }
2026-03-29 22:25:57  INFO ThreadId(11) biliup::uploader::line: crates/biliup/src/uploader/line.rs:149: pre_upload: {"build":2140000,"name":"20260329隔夜全球市场资讯,A股开盘参考.mp4","profile":"ugcupos/bup","r":"upos","size":3315932,"ssl":0,"version":"2.14.0"}
2026-03-29 22:25:59  INFO ThreadId(11) biliup_cli::uploader: crates/biliup-cli/src/uploader.rs:506: Upload completed: 20260329隔夜全球市场资讯,A股开盘参考.mp4 => cost 0.63s, 5.30 MB/s.
2026-03-29 22:25:59  INFO ThreadId(11) biliup_cli::uploader: crates/biliup-cli/src/uploader.rs:517: Checkpoint saved: 1 files uploaded
2026-03-29 22:25:59  INFO ThreadId(11) biliup_cli::uploader: crates/biliup-cli/src/uploader.rs:529: All files uploaded successfully, checkpoint removed
2026-03-29 22:26:00  INFO ThreadId(11) biliup::uploader::bilibili: crates/biliup/src/uploader/bilibili.rs:365: ResponseData { code: 0, data: Some(Object {"aid": Number(116312915314808), "bvid": String("BV17CXDB6EXx"), "push_intro": Object {"show": Number(0), "text": String("")}, "submitact_banner": Object {"hotact_text": String(""), "hotact_url": String(""), "list": Null}}), message: "0", ttl: Some(1) }
2026-03-29 22:26:00  INFO ThreadId(11) biliup::uploader::bilibili: crates/biliup/src/uploader/bilibili.rs:367: APP接口投稿成功
2026-03-30 09:33:01  INFO ThreadId(11) stream_gears::server: crates/stream-gears/src/server.rs:449: Tracing initialized with daily rotation
2026-03-30 09:33:02  INFO ThreadId(11) biliup_cli::uploader: crates/biliup-cli/src/uploader.rs:304: user: 股股尕尕
2026-03-30 09:33:03  INFO ThreadId(11) biliup_cli::uploader: crates/biliup-cli/src/uploader.rs:327: https://archive.biliimg.com/bfs/archive/9c2f1789ace0f7f1e42f0a9d5fb5097288bf9aa7.png
2026-03-30 09:33:03  INFO ThreadId(11) biliup_cli::uploader: crates/biliup-cli/src/uploader.rs:339: number of concurrent futures: 3
2026-03-30 09:33:03  INFO ThreadId(11) biliup_cli::uploader: crates/biliup-cli/src/uploader.rs:363: No checkpoint found, starting fresh upload
2026-03-30 09:33:04  INFO ThreadId(11) biliup::uploader::line: crates/biliup/src/uploader/line.rs:99: probe_version=20250923&upcdn=bldsa&zone=cs: 1463
2026-03-30 09:33:06  INFO ThreadId(11) biliup::uploader::line: crates/biliup/src/uploader/line.rs:99: probe_version=20250923&upcdn=akbd&zone=cs: 1724
2026-03-30 09:33:07  INFO ThreadId(11) biliup::uploader::line: crates/biliup/src/uploader/line.rs:99: probe_version=20250923&upcdn=tx&zone=cs: 1223
2026-03-30 09:33:09  INFO ThreadId(11) biliup::uploader::line: crates/biliup/src/uploader/line.rs:99: probe_version=20250923&upcdn=estx&zone=cs: 1224
2026-03-30 09:33:11  INFO ThreadId(11) biliup::uploader::line: crates/biliup/src/uploader/line.rs:99: probe_version=20250923&upcdn=bda2&zone=cs: 2252
2026-03-30 09:33:11  INFO ThreadId(11) biliup_cli::uploader: crates/biliup-cli/src/uploader.rs:402: Line { os: Upos, probe_url: "//upos-cs-upcdntx.bilivideo.com/OK", query: "probe_version=20250923&upcdn=tx&zone=cs", cost: 1223 }
2026-03-30 09:33:11  INFO ThreadId(11) biliup::uploader::line: crates/biliup/src/uploader/line.rs:149: pre_upload: {"build":2140000,"name":"20260330隔夜全球市场资讯,A股开盘参考.mp4","profile":"ugcupos/bup","r":"upos","size":3175315,"ssl":0,"version":"2.14.0"}
2026-03-30 09:33:11  INFO ThreadId(11) biliup_cli::uploader: crates/biliup-cli/src/uploader.rs:506: Upload completed: 20260330隔夜全球市场资讯,A股开盘参考.mp4 => cost 0.56s, 5.62 MB/s.
2026-03-30 09:33:11  INFO ThreadId(11) biliup_cli::uploader: crates/biliup-cli/src/uploader.rs:517: Checkpoint saved: 1 files uploaded
2026-03-30 09:33:11  INFO ThreadId(11) biliup_cli::uploader: crates/biliup-cli/src/uploader.rs:529: All files uploaded successfully, checkpoint removed
2026-03-30 09:33:12  INFO ThreadId(11) biliup::uploader::bilibili: crates/biliup/src/uploader/bilibili.rs:365: ResponseData { code: 0, data: Some(Object {"aid": Number(116315532626648), "bvid": String("BV1UYXoBrECA"), "push_intro": Object {"show": Number(0), "text": String("")}, "submitact_banner": Object {"hotact_text": String(""), "hotact_url": String(""), "list": Null}}), message: "0", ttl: Some(1) }
2026-03-30 09:33:12  INFO ThreadId(11) biliup::uploader::bilibili: crates/biliup/src/uploader/bilibili.rs:367: APP接口投稿成功
2026-03-31 09:00:01  INFO ThreadId(11) stream_gears::server: crates/stream-gears/src/server.rs:449: Tracing initialized with daily rotation
2026-03-31 09:00:02  INFO ThreadId(11) biliup_cli::uploader: crates/biliup-cli/src/uploader.rs:304: user: 股股尕尕
2026-03-31 09:00:02  INFO ThreadId(11) biliup_cli::uploader: crates/biliup-cli/src/uploader.rs:327: https://archive.biliimg.com/bfs/archive/b68fcbcaca503561619f5f824f498ea3684ddf31.png
2026-03-31 09:00:02  INFO ThreadId(11) biliup_cli::uploader: crates/biliup-cli/src/uploader.rs:339: number of concurrent futures: 3
2026-03-31 09:00:02  INFO ThreadId(11) biliup_cli::uploader: crates/biliup-cli/src/uploader.rs:363: No checkpoint found, starting fresh upload
2026-03-31 09:00:04  INFO ThreadId(11) biliup::uploader::line: crates/biliup/src/uploader/line.rs:99: probe_version=20250923&upcdn=estx&zone=cs: 1426
2026-03-31 09:00:06  INFO ThreadId(11) biliup::uploader::line: crates/biliup/src/uploader/line.rs:99: probe_version=20250923&upcdn=bldsa&zone=cs: 1546
2026-03-31 09:00:07  INFO ThreadId(11) biliup::uploader::line: crates/biliup/src/uploader/line.rs:99: probe_version=20250923&upcdn=bda2&zone=cs: 1963
2026-03-31 09:00:10  INFO ThreadId(11) biliup::uploader::line: crates/biliup/src/uploader/line.rs:99: probe_version=20250923&upcdn=akbd&zone=cs: 2786
2026-03-31 09:00:12  INFO ThreadId(11) biliup::uploader::line: crates/biliup/src/uploader/line.rs:99: probe_version=20250923&upcdn=tx&zone=cs: 1718
2026-03-31 09:00:12  INFO ThreadId(11) biliup_cli::uploader: crates/biliup-cli/src/uploader.rs:402: Line { os: Upos, probe_url: "//e17962d5cstx.esheep.com/OK", query: "probe_version=20250923&upcdn=estx&zone=cs", cost: 1426 }
2026-03-31 09:00:12  INFO ThreadId(11) biliup::uploader::line: crates/biliup/src/uploader/line.rs:149: pre_upload: {"build":2140000,"name":"20260331隔夜全球市场资讯,A股开盘参考.mp4","profile":"ugcupos/bup","r":"upos","size":3044649,"ssl":0,"version":"2.14.0"}
2026-03-31 09:00:13  INFO ThreadId(11) biliup_cli::uploader: crates/biliup-cli/src/uploader.rs:506: Upload completed: 20260331隔夜全球市场资讯,A股开盘参考.mp4 => cost 0.73s, 4.17 MB/s.
2026-03-31 09:00:13  INFO ThreadId(11) biliup_cli::uploader: crates/biliup-cli/src/uploader.rs:517: Checkpoint saved: 1 files uploaded
2026-03-31 09:00:13  INFO ThreadId(11) biliup_cli::uploader: crates/biliup-cli/src/uploader.rs:529: All files uploaded successfully, checkpoint removed
2026-03-31 09:00:13  INFO ThreadId(11) biliup::uploader::bilibili: crates/biliup/src/uploader/bilibili.rs:365: ResponseData { code: 0, data: Some(Object {"aid": Number(116321069042333), "bvid": String("BV1giXBBoExG"), "push_intro": Object {"show": Number(0), "text": String("")}, "submitact_banner": Object {"hotact_text": String(""), "hotact_url": String(""), "list": Null}}), message: "0", ttl: Some(1) }
2026-03-31 09:00:13  INFO ThreadId(11) biliup::uploader::bilibili: crates/biliup/src/uploader/bilibili.rs:367: APP接口投稿成功
2026-04-01 15:52:35  INFO ThreadId(11) stream_gears::server: crates/stream-gears/src/server.rs:449: Tracing initialized with daily rotation
2026-04-01 15:52:36  INFO ThreadId(11) biliup_cli::uploader: crates/biliup-cli/src/uploader.rs:304: user: 股股尕尕
2026-04-01 15:52:36  INFO ThreadId(11) biliup_cli::uploader: crates/biliup-cli/src/uploader.rs:327: https://archive.biliimg.com/bfs/archive/d77ba001df667903c5394077b5700f816870e7bf.png
2026-04-01 15:52:36  INFO ThreadId(11) biliup_cli::uploader: crates/biliup-cli/src/uploader.rs:339: number of concurrent futures: 3
2026-04-01 15:52:36  INFO ThreadId(11) biliup_cli::uploader: crates/biliup-cli/src/uploader.rs:363: No checkpoint found, starting fresh upload
2026-04-01 15:52:38  INFO ThreadId(11) biliup::uploader::line: crates/biliup/src/uploader/line.rs:99: probe_version=20250923&upcdn=estx&zone=cs: 1237
2026-04-01 15:52:39  INFO ThreadId(11) biliup::uploader::line: crates/biliup/src/uploader/line.rs:99: probe_version=20250923&upcdn=bldsa&zone=cs: 1538
2026-04-01 15:52:39  INFO ThreadId(11) biliup_cli::uploader: crates/biliup-cli/src/uploader.rs:402: Line { os: Upos, probe_url: "//upos-cs-upcdnbldsa.bilivideo.com/OK", query: "zone=cs&upcdn=bldsa&probe_version=20221109", cost: 340282366920938463463374607431768211455 }
2026-04-01 15:52:39  INFO ThreadId(11) biliup::uploader::line: crates/biliup/src/uploader/line.rs:149: pre_upload: {"build":2140000,"name":"20260401隔夜全球市场资讯,A股开盘参考.mp4","profile":"ugcupos/bup","r":"upos","size":3169702,"ssl":0,"version":"2.14.0"}
2026-04-01 15:52:40  INFO ThreadId(11) biliup_cli::uploader: crates/biliup-cli/src/uploader.rs:506: Upload completed: 20260401隔夜全球市场资讯,A股开盘参考.mp4 => cost 0.63s, 5.03 MB/s.
2026-04-01 15:52:40  INFO ThreadId(11) biliup_cli::uploader: crates/biliup-cli/src/uploader.rs:517: Checkpoint saved: 1 files uploaded
2026-04-01 15:52:40  INFO ThreadId(11) biliup_cli::uploader: crates/biliup-cli/src/uploader.rs:529: All files uploaded successfully, checkpoint removed
2026-04-01 15:52:40  INFO ThreadId(11) biliup::uploader::bilibili: crates/biliup/src/uploader/bilibili.rs:365: ResponseData { code: 0, data: Some(Object {"aid": Number(116328350354632), "bvid": String("BV1kr97BdEDB"), "push_intro": Object {"show": Number(0), "text": String("")}, "submitact_banner": Object {"hotact_text": String(""), "hotact_url": String(""), "list": Null}}), message: "0", ttl: Some(1) }
2026-04-01 15:52:40  INFO ThreadId(11) biliup::uploader::bilibili: crates/biliup/src/uploader/bilibili.rs:367: APP接口投稿成功
